[2024-04-16 21:33:48,140: INFO: server: Started server process [8964]]
[2024-04-16 21:33:48,140: INFO: on: Waiting for application startup.]
[2024-04-16 21:33:48,140: INFO: on: Application startup complete.]
[2024-04-16 21:33:48,140: INFO: server: Uvicorn running on http://0.0.0.0:8080 (Press CTRL+C to quit)]
[2024-04-16 21:35:22,952: INFO: config: PyTorch version 2.2.2 available.]
[2024-04-16 21:35:25,838: INFO: main: >>>>> stage Data Ingestion Stage started <<<<<<<<]
[2024-04-16 21:35:25,841: INFO: common: yaml file: config\config.yaml loaded successfully]
[2024-04-16 21:35:25,847: INFO: common: yaml file: params.yaml loaded successfully]
[2024-04-16 21:35:25,848: INFO: common: craeted directory at : artifacts]
[2024-04-16 21:35:25,851: INFO: common: yaml file: config\config.yaml loaded successfully]
[2024-04-16 21:35:25,853: INFO: common: yaml file: params.yaml loaded successfully]
[2024-04-16 21:35:25,854: INFO: common: craeted directory at : artifacts]
[2024-04-16 21:35:25,854: INFO: common: craeted directory at : artifacts/data_ingestion]
[2024-04-16 21:35:34,556: INFO: data_ingestion: artifacts/data_ingestion/data.zip download! with following info: 
Connection: close
Content-Length: 7903594
Cache-Control: max-age=300
Content-Security-Policy: default-src 'none'; style-src 'unsafe-inline'; sandbox
Content-Type: application/zip
ETag: "dbc016a060da18070593b83afff580c9b300f0b6ea4147a7988433e04df246ca"
Strict-Transport-Security: max-age=31536000
X-Content-Type-Options: nosniff
X-Frame-Options: deny
X-XSS-Protection: 1; mode=block
X-GitHub-Request-Id: 635C:2E2E6E:4B74FE:63245B:661EA1C6
Accept-Ranges: bytes
Date: Tue, 16 Apr 2024 16:05:27 GMT
Via: 1.1 varnish
X-Served-By: cache-maa10246-MAA
X-Cache: MISS
X-Cache-Hits: 0
X-Timer: S1713283527.889519,VS0,VE731
Vary: Authorization,Accept-Encoding,Origin
Access-Control-Allow-Origin: *
Cross-Origin-Resource-Policy: cross-origin
X-Fastly-Request-ID: 3a802f1ed123090f6e71a617f7c0d8d670648ddb
Expires: Tue, 16 Apr 2024 16:10:27 GMT
Source-Age: 0

]
[2024-04-16 21:35:34,729: INFO: main: >>>>>>>stage Data Ingestion Stage completed <><<<<<<<<]
[2024-04-16 21:35:34,730: INFO: main: >>>>> stage Data Validation Stage started <<<<<<<<]
[2024-04-16 21:35:34,734: INFO: common: yaml file: config\config.yaml loaded successfully]
[2024-04-16 21:35:34,737: INFO: common: yaml file: params.yaml loaded successfully]
[2024-04-16 21:35:34,738: INFO: common: craeted directory at : artifacts]
[2024-04-16 21:35:34,739: INFO: common: craeted directory at : artifacts/data_validaton]
[2024-04-16 21:35:34,742: INFO: main: >>>>>>>stage Data Validation Stage completed <><<<<<<<<]
[2024-04-16 21:35:34,743: INFO: main: >>>>> stage Data Transformation Stage started <<<<<<<<]
[2024-04-16 21:35:34,749: INFO: common: yaml file: config\config.yaml loaded successfully]
[2024-04-16 21:35:34,756: INFO: common: yaml file: params.yaml loaded successfully]
[2024-04-16 21:35:34,758: INFO: common: craeted directory at : artifacts]
[2024-04-16 21:35:34,764: INFO: common: craeted directory at : artifacts/data_transformation]
[2024-04-16 21:35:40,285: INFO: main: >>>>>>>stage Data Transformation Stage completed <><<<<<<<<]
[2024-04-16 21:35:40,286: INFO: main: >>>>> stage Model Trainer Stage started <<<<<<<<]
[2024-04-16 21:35:40,290: INFO: common: yaml file: config\config.yaml loaded successfully]
[2024-04-16 21:35:40,297: INFO: common: yaml file: params.yaml loaded successfully]
[2024-04-16 21:35:40,299: INFO: common: craeted directory at : artifacts]
[2024-04-16 21:35:40,300: INFO: common: craeted directory at : artifacts/model_trainer]
[2024-04-16 21:37:46,244: INFO: main: >>>>>>>stage Model Trainer Stage completed <><<<<<<<<]
[2024-04-16 21:37:46,244: INFO: main: *******************]
[2024-04-16 21:37:46,244: INFO: main: >>>>>> stage Model Evaluation stage started <<<<<<]
[2024-04-16 21:37:46,314: INFO: common: yaml file: config\config.yaml loaded successfully]
[2024-04-16 21:37:46,329: INFO: common: yaml file: params.yaml loaded successfully]
[2024-04-16 21:37:46,332: INFO: common: craeted directory at : artifacts]
[2024-04-16 21:37:46,334: INFO: common: craeted directory at : artifacts/model_evaluation]
